[2026-05-08 06:58:51] === updateStudentCell CALLED ===
[2026-05-08 06:58:51] ID: 10012
[2026-05-08 06:58:51] Column: год рождения
[2026-05-08 06:58:51] Value: 2004
[2026-05-08 06:58:51] ERROR: Column not allowed - год рождения
[2026-05-08 07:03:49] === updateStudentCell CALLED ===
[2026-05-08 07:03:49] ID: 10012
[2026-05-08 07:03:49] Column: год рождения
[2026-05-08 07:03:49] Value: 2004
[2026-05-08 07:03:49] ERROR: Column not allowed - год рождения
[2026-05-08 07:13:33] === updateStudentCell CALLED ===
[2026-05-08 07:13:33] ID: 10000
[2026-05-08 07:13:33] Column: gender
[2026-05-08 07:13:33] Value: Мужской
[2026-05-08 07:13:33] SQL: UPDATE students SET `gender` = :value WHERE `stud_id` = :id
[2026-05-08 07:13:33] SUCCESS! Rows affected: 0
[2026-05-08 07:13:34] === updateStudentCell CALLED ===
[2026-05-08 07:13:34] ID: 10000
[2026-05-08 07:13:34] Column: gender
[2026-05-08 07:13:34] Value: Мужской
[2026-05-08 07:13:34] SQL: UPDATE students SET `gender` = :value WHERE `stud_id` = :id
[2026-05-08 07:13:34] SUCCESS! Rows affected: 0
[2026-05-08 07:13:40] === updateStudentCell CALLED ===
[2026-05-08 07:13:40] ID: 10000
[2026-05-08 07:13:40] Column: full_name
[2026-05-08 07:13:40] Value: Тестовый
[2026-05-08 07:13:40] SQL: UPDATE students SET `full_name` = :value WHERE `stud_id` = :id
[2026-05-08 07:13:40] SUCCESS! Rows affected: 1
[2026-05-08 07:13:46] === updateStudentCell CALLED ===
[2026-05-08 07:13:46] ID: 10003
[2026-05-08 07:13:46] Column: full_name
[2026-05-08 07:13:46] Value: Смирнов Михаил Петрович
[2026-05-08 07:13:46] SQL: UPDATE students SET `full_name` = :value WHERE `stud_id` = :id
[2026-05-08 07:13:46] SUCCESS! Rows affected: 0
[2026-05-08 07:14:00] === updateStudentCell CALLED ===
[2026-05-08 07:14:00] ID: 10003
[2026-05-08 07:14:00] Column: full_name
[2026-05-08 07:14:00] Value: Михаилов Алексей Попович
[2026-05-08 07:14:00] SQL: UPDATE students SET `full_name` = :value WHERE `stud_id` = :id
[2026-05-08 07:18:01] === updateStudentCell CALLED ===
[2026-05-08 07:18:01] ID: 10012
[2026-05-08 07:18:01] Column: birth_date
[2026-05-08 07:18:01] Value: 2003
[2026-05-08 07:18:01] SQL: UPDATE students SET `birth_date` = :value WHERE `stud_id` = :id
[2026-05-08 07:18:01] SUCCESS! Rows affected: 1
[2026-05-08 07:19:29] === updateStudentCell CALLED ===
[2026-05-08 07:19:29] ID: 10012
[2026-05-08 07:19:29] Column: birth_date
[2026-05-08 07:19:29] Value: 2006
[2026-05-08 07:19:29] SQL: UPDATE students SET `birth_date` = :value WHERE `stud_id` = :id
[2026-05-08 07:19:29] SUCCESS! Rows affected: 1
[2026-05-08 07:20:05] === updateStudentCell CALLED ===
[2026-05-08 07:20:05] ID: Минаев Роман Сергеевич
[2026-05-08 07:20:05] Column: стипендия_(руб.)
[2026-05-08 07:20:05] Value: 1500
[2026-05-08 07:20:05] ERROR: Column not allowed - стипендия_(руб.)
[2026-05-08 07:20:08] === updateStudentCell CALLED ===
[2026-05-08 07:20:08] ID: Минаев Роман Сергеевич
[2026-05-08 07:20:08] Column: стипендия_(руб.)
[2026-05-08 07:20:08] Value: 
[2026-05-08 07:20:08] ERROR: Column not allowed - стипендия_(руб.)
[2026-05-08 07:20:20] === updateStudentCell CALLED ===
[2026-05-08 07:20:20] ID: Минаев Роман Сергеевич
[2026-05-08 07:20:20] Column: стипендия_(руб.)
[2026-05-08 07:20:20] Value: 1200
[2026-05-08 07:20:20] ERROR: Column not allowed - стипендия_(руб.)
[2026-05-08 08:09:54] === updateStudentCell CALLED ===
[2026-05-08 08:09:54] ID: 10012
[2026-05-08 08:09:54] Column: stud_phone
[2026-05-08 08:09:54] Value: +79171234578
[2026-05-08 08:09:54] SQL: UPDATE students SET `stud_phone` = :value WHERE `stud_id` = :id
[2026-05-08 08:09:54] SUCCESS! Rows affected: 0
[2026-05-08 08:10:06] === updateStudentCell CALLED ===
[2026-05-08 08:10:06] ID: 10012
[2026-05-08 08:10:06] Column: stud_phone
[2026-05-08 08:10:06] Value: +7917123456
[2026-05-08 08:10:06] SQL: UPDATE students SET `stud_phone` = :value WHERE `stud_id` = :id
[2026-05-08 08:10:06] SUCCESS! Rows affected: 1
[2026-05-15 04:37:27] === updateStudentCell CALLED ===
[2026-05-15 04:37:27] ID: 10012
[2026-05-15 04:37:27] Column: stud_phone
[2026-05-15 04:37:27] Value: +7917123456
[2026-05-15 04:37:27] SQL: UPDATE students SET `stud_phone` = :value WHERE `stud_id` = :id
[2026-05-15 04:37:27] SUCCESS! Rows affected: 0
[2026-05-15 04:54:40] === updateStudentCell CALLED ===
[2026-05-15 04:54:40] ID: 10012
[2026-05-15 04:54:40] Column: full_name
[2026-05-15 04:54:40] Value: Антонова Марина Витальевна
[2026-05-15 04:54:40] SQL: UPDATE students SET `full_name` = :value WHERE `stud_id` = :id
[2026-05-15 04:54:40] SUCCESS! Rows affected: 0
[2026-05-15 04:54:44] === updateStudentCell CALLED ===
[2026-05-15 04:54:44] ID: 10012
[2026-05-15 04:54:44] Column: full_name
[2026-05-15 04:54:44] Value: Антонова Марина Витальевна
[2026-05-15 04:54:44] SQL: UPDATE students SET `full_name` = :value WHERE `stud_id` = :id
[2026-05-15 04:54:44] SUCCESS! Rows affected: 0
[2026-05-15 06:11:34] === updateStudentCell CALLED ===
[2026-05-15 06:11:34] ID: 10012
[2026-05-15 06:11:34] Column: group_name
[2026-05-15 06:11:34] Value: АНГЛ-3
[2026-05-15 06:11:34] ERROR: Column not allowed - group_name
[2026-05-15 06:11:40] === updateStudentCell CALLED ===
[2026-05-15 06:11:40] ID: 10012
[2026-05-15 06:11:40] Column: admission_year
[2026-05-15 06:11:40] Value: 2020
[2026-05-15 06:11:40] SQL: UPDATE students SET `admission_year` = :value WHERE `stud_id` = :id
[2026-05-15 06:11:40] SUCCESS! Rows affected: 0
[2026-05-15 06:13:05] === updateStudentCell CALLED ===
[2026-05-15 06:13:05] ID: 10103
[2026-05-15 06:13:05] Column: студент
[2026-05-15 06:13:05] Value: Корчагин Евгений Алексеевич
[2026-05-15 06:13:05] ERROR: Column not allowed - студент
[2026-05-15 06:29:26] === updateAnyTableCell CALLED ===
[2026-05-15 06:29:26] Table: students
[2026-05-15 06:29:26] ID: 10038
[2026-05-15 06:29:26] Column: студент
[2026-05-15 06:29:26] Value: Колесникова Вера Павлова
[2026-05-15 06:29:26] EXCEPTION: SQLSTATE[42000]: Syntax error or access violation: 1064 You have an error in your SQL syntax; check the manual that corresponds to your MariaDB server version for the right syntax to use near '?' at line 1
[2026-05-15 06:29:35] === updateAnyTableCell CALLED ===
[2026-05-15 06:29:35] Table: students
[2026-05-15 06:29:35] ID: 10038
[2026-05-15 06:29:35] Column: студент
[2026-05-15 06:29:35] Value: Колесникова Вера Павлова
[2026-05-15 06:29:35] EXCEPTION: SQLSTATE[42000]: Syntax error or access violation: 1064 You have an error in your SQL syntax; check the manual that corresponds to your MariaDB server version for the right syntax to use near '?' at line 1
